<?xml version="1.0" encoding="UTF-8"?>
<!-- Generated by org.testng.reporters.JUnitReportReporter -->
<testsuite hostname="Mypc" name="testNG.UserregTest" tests="1" failures="0" timestamp="3 Jan 2017 00:44:40 GMT" time="9.551" errors="0">
  <testcase name="org_Userreg" time="9.551" classname="testNG.UserregTest"/>
</testsuite> <!-- testNG.UserregTest -->
