<?xml version="1.0" encoding="UTF-8"?>
<!-- Generated by org.testng.reporters.JUnitReportReporter -->
<testsuite hostname="Mypc" name="pom.LoginTC" tests="1" failures="0" timestamp="5 Jan 2017 01:48:40 GMT" time="27.088" errors="0">
  <testcase name="lt" time="27.088" classname="pom.LoginTC"/>
</testsuite> <!-- pom.LoginTC -->
