<?xml version="1.0" encoding="UTF-8"?>
<!-- Generated by org.testng.reporters.JUnitReportReporter -->
<testsuite hostname="Mypc" name="driverscripts.Hybrid" tests="1" failures="0" timestamp="5 Jan 2017 01:28:29 GMT" time="79.038" errors="0">
  <testcase name="dScript" time="79.038" classname="driverscripts.Hybrid"/>
</testsuite> <!-- driverscripts.Hybrid -->
