<?xml version="1.0" encoding="UTF-8"?>
<!-- Generated by org.testng.reporters.JUnitReportReporter -->
<testsuite hostname="Mypc" name="testNG.BasicAnnotationsEg" tests="3" failures="0" timestamp="2 Jan 2017 01:46:20 GMT" time="0.038" errors="0">
  <testcase name="function2" time="0.012" classname="testNG.BasicAnnotationsEg"/>
  <testcase name="a" time="0.011" classname="testNG.BasicAnnotationsEg"/>
  <testcase name="function1" time="0.015" classname="testNG.BasicAnnotationsEg"/>
</testsuite> <!-- testNG.BasicAnnotationsEg -->
