<?xml version="1.0" encoding="UTF-8"?>
<!-- Generated by org.testng.reporters.JUnitReportReporter -->
<testsuite hostname="Mypc" name="grid.GridEg2" tests="2" failures="0" timestamp="9 Jan 2017 01:54:47 GMT" time="73.044" errors="0">
  <testcase name="grid" time="44.987" classname="grid.GridEg2"/>
  <testcase name="grid" time="28.057" classname="grid.GridEg2"/>
</testsuite> <!-- grid.GridEg2 -->
