<?xml version="1.0" encoding="UTF-8"?>
<!-- Generated by org.testng.reporters.JUnitReportReporter -->
<testsuite hostname="Mypc" name="testNG.EmpREgTest" tests="2" failures="0" timestamp="3 Jan 2017 00:54:13 GMT" time="11.499" errors="0">
  <testcase name="org_Empreg" time="5.952" classname="testNG.EmpREgTest"/>
  <testcase name="org_Empreg" time="5.547" classname="testNG.EmpREgTest"/>
</testsuite> <!-- testNG.EmpREgTest -->
