<?xml version="1.0" encoding="UTF-8"?>
<!-- Generated by org.testng.reporters.JUnitReportReporter -->
<testsuite hostname="Mypc" name="grid.GrigEg1" tests="1" failures="0" timestamp="9 Jan 2017 01:42:28 GMT" time="11.705" errors="0">
  <testcase name="gridtest" time="11.705" classname="grid.GrigEg1"/>
</testsuite> <!-- grid.GrigEg1 -->
