<?xml version="1.0" encoding="UTF-8"?>
<!-- Generated by org.testng.reporters.JUnitReportReporter -->
<testsuite hostname="Mypc" name="driverscripts.Keyword" tests="1" failures="0" timestamp="4 Jan 2017 01:52:38 GMT" time="95.467" errors="0">
  <testcase name="dScript" time="95.467" classname="driverscripts.Keyword"/>
</testsuite> <!-- driverscripts.Keyword -->
